# JRE version: OpenJDK Runtime Environment (8.0_242-b01) (build 1.8.0_242-release-1644-b01)
# Java VM: OpenJDK 64-Bit Server VM (25.242-b01 mixed mode windows-amd64 compressed oops)
Heap:
 PSYoungGen      total 271360K, used 242763K [0x00000000e0000000, 0x00000000f2c80000, 0x0000000100000000)
  eden space 243200K, 96% used [0x00000000e0000000,0x00000000ee41b3a8,0x00000000eed80000)
  from space 28160K, 32% used [0x00000000f0800000,0x00000000f10fdc40,0x00000000f2380000)
  to   space 27136K, 0% used [0x00000000eed80000,0x00000000eed80000,0x00000000f0800000)
 ParOldGen       total 351744K, used 63088K [0x00000000a0000000, 0x00000000b5780000, 0x00000000e0000000)
  object space 351744K, 17% used [0x00000000a0000000,0x00000000a3d9c370,0x00000000b5780000)
 Metaspace       used 92060K, capacity 97486K, committed 99048K, reserved 1134592K
  class space    used 12078K, capacity 13046K, committed 13440K, reserved 1048576K
GC Heap History (10 events):
Event: 544.939 GC heap before
{Heap before GC invocations=20 (full 3):
 PSYoungGen      total 247296K, used 247191K [0x00000000e0000000, 0x00000000f2a00000, 0x0000000100000000)
  eden space 240128K, 100% used [0x00000000e0000000,0x00000000eea80000,0x00000000eea80000)
  from space 7168K, 98% used [0x00000000f2300000,0x00000000f29e5e28,0x00000000f2a00000)
  to   space 24576K, 0% used [0x00000000efa00000,0x00000000efa00000,0x00000000f1200000)
 ParOldGen       total 221696K, used 61812K [0x00000000a0000000, 0x00000000ad880000, 0x00000000e0000000)
  object space 221696K, 27% used [0x00000000a0000000,0x00000000a3c5d128,0x00000000ad880000)
 Metaspace       used 82028K, capacity 86810K, committed 87000K, reserved 1124352K
  class space    used 10812K, capacity 11706K, committed 11776K, reserved 1048576K
Event: 544.951 GC heap after
Heap after GC invocations=20 (full 3):
 PSYoungGen      total 251392K, used 17409K [0x00000000e0000000, 0x00000000f2380000, 0x0000000100000000)
  eden space 233472K, 0% used [0x00000000e0000000,0x00000000e0000000,0x00000000ee400000)
  from space 17920K, 97% used [0x00000000efa00000,0x00000000f0b00470,0x00000000f0b80000)
  to   space 24576K, 0% used [0x00000000f0b80000,0x00000000f0b80000,0x00000000f2380000)
 ParOldGen       total 221696K, used 61820K [0x00000000a0000000, 0x00000000ad880000, 0x00000000e0000000)
  object space 221696K, 27% used [0x00000000a0000000,0x00000000a3c5f128,0x00000000ad880000)
 Metaspace       used 82028K, capacity 86810K, committed 87000K, reserved 1124352K
  class space    used 10812K, capacity 11706K, committed 11776K, reserved 1048576K
}
Event: 546.728 GC heap before
{Heap before GC invocations=21 (full 3):
 PSYoungGen      total 251392K, used 154854K [0x00000000e0000000, 0x00000000f2380000, 0x0000000100000000)
  eden space 233472K, 58% used [0x00000000e0000000,0x00000000e86395a0,0x00000000ee400000)
  from space 17920K, 97% used [0x00000000efa00000,0x00000000f0b00470,0x00000000f0b80000)
  to   space 24576K, 0% used [0x00000000f0b80000,0x00000000f0b80000,0x00000000f2380000)
 ParOldGen       total 221696K, used 61820K [0x00000000a0000000, 0x00000000ad880000, 0x00000000e0000000)
  object space 221696K, 27% used [0x00000000a0000000,0x00000000a3c5f128,0x00000000ad880000)
 Metaspace       used 91850K, capacity 98248K, committed 98280K, reserved 1134592K
  class space    used 12295K, capacity 13421K, committed 13440K, reserved 1048576K
Event: 546.749 GC heap after
Heap after GC invocations=21 (full 3):
 PSYoungGen      total 251904K, used 24570K [0x00000000e0000000, 0x00000000f2380000, 0x0000000100000000)
  eden space 227328K, 0% used [0x00000000e0000000,0x00000000e0000000,0x00000000ede00000)
  from space 24576K, 99% used [0x00000000f0b80000,0x00000000f237e9d8,0x00000000f2380000)
  to   space 28672K, 0% used [0x00000000eeb80000,0x00000000eeb80000,0x00000000f0780000)
 ParOldGen       total 221696K, used 61828K [0x00000000a0000000, 0x00000000ad880000, 0x00000000e0000000)
  object space 221696K, 27% used [0x00000000a0000000,0x00000000a3c61128,0x00000000ad880000)
 Metaspace       used 91850K, capacity 98248K, committed 98280K, reserved 1134592K
  class space    used 12295K, capacity 13421K, committed 13440K, reserved 1048576K
}
Event: 546.749 GC heap before
{Heap before GC invocations=22 (full 4):
 PSYoungGen      total 251904K, used 24570K [0x00000000e0000000, 0x00000000f2380000, 0x0000000100000000)
  eden space 227328K, 0% used [0x00000000e0000000,0x00000000e0000000,0x00000000ede00000)
  from space 24576K, 99% used [0x00000000f0b80000,0x00000000f237e9d8,0x00000000f2380000)
  to   space 28672K, 0% used [0x00000000eeb80000,0x00000000eeb80000,0x00000000f0780000)
 ParOldGen       total 221696K, used 61828K [0x00000000a0000000, 0x00000000ad880000, 0x00000000e0000000)
  object space 221696K, 27% used [0x00000000a0000000,0x00000000a3c61128,0x00000000ad880000)
 Metaspace       used 91850K, capacity 98248K, committed 98280K, reserved 1134592K
  class space    used 12295K, capacity 13421K, committed 13440K, reserved 1048576K
Event: 546.920 GC heap after
Heap after GC invocations=22 (full 4):
 PSYoungGen      total 251904K, used 0K [0x00000000e0000000, 0x00000000f2380000, 0x0000000100000000)
  eden space 227328K, 0% used [0x00000000e0000000,0x00000000e0000000,0x00000000ede00000)
  from space 24576K, 0% used [0x00000000f0b80000,0x00000000f0b80000,0x00000000f2380000)
  to   space 28672K, 0% used [0x00000000eeb80000,0x00000000eeb80000,0x00000000f0780000)
 ParOldGen       total 351744K, used 63072K [0x00000000a0000000, 0x00000000b5780000, 0x00000000e0000000)
  object space 351744K, 17% used [0x00000000a0000000,0x00000000a3d98370,0x00000000b5780000)
 Metaspace       used 90764K, capacity 95214K, committed 98280K, reserved 1134592K
  class space    used 11929K, capacity 12776K, committed 13440K, reserved 1048576K
}
Event: 641.544 GC heap before
{Heap before GC invocations=23 (full 4):
 PSYoungGen      total 251904K, used 227328K [0x00000000e0000000, 0x00000000f2380000, 0x0000000100000000)
  eden space 227328K, 100% used [0x00000000e0000000,0x00000000ede00000,0x00000000ede00000)
  from space 24576K, 0% used [0x00000000f0b80000,0x00000000f0b80000,0x00000000f2380000)
  to   space 28672K, 0% used [0x00000000eeb80000,0x00000000eeb80000,0x00000000f0780000)
 ParOldGen       total 351744K, used 63072K [0x00000000a0000000, 0x00000000b5780000, 0x00000000e0000000)
  object space 351744K, 17% used [0x00000000a0000000,0x00000000a3d98370,0x00000000b5780000)
 Metaspace       used 91695K, capacity 97202K, committed 98792K, reserved 1134592K
  class space    used 12075K, capacity 13042K, committed 13440K, reserved 1048576K
Event: 641.551 GC heap after
Heap after GC invocations=23 (full 4):
 PSYoungGen      total 269824K, used 7143K [0x00000000e0000000, 0x00000000f2380000, 0x0000000100000000)
  eden space 241152K, 0% used [0x00000000e0000000,0x00000000e0000000,0x00000000eeb80000)
  from space 28672K, 24% used [0x00000000eeb80000,0x00000000ef279c90,0x00000000f0780000)
  to   space 28160K, 0% used [0x00000000f0800000,0x00000000f0800000,0x00000000f2380000)
 ParOldGen       total 351744K, used 63080K [0x00000000a0000000, 0x00000000b5780000, 0x00000000e0000000)
  object space 351744K, 17% used [0x00000000a0000000,0x00000000a3d9a370,0x00000000b5780000)
 Metaspace       used 91695K, capacity 97202K, committed 98792K, reserved 1134592K
  class space    used 12075K, capacity 13042K, committed 13440K, reserved 1048576K
}
Event: 700.682 GC heap before
{Heap before GC invocations=24 (full 4):
 PSYoungGen      total 269824K, used 248295K [0x00000000e0000000, 0x00000000f2380000, 0x0000000100000000)
  eden space 241152K, 100% used [0x00000000e0000000,0x00000000eeb80000,0x00000000eeb80000)
  from space 28672K, 24% used [0x00000000eeb80000,0x00000000ef279c90,0x00000000f0780000)
  to   space 28160K, 0% used [0x00000000f0800000,0x00000000f0800000,0x00000000f2380000)
 ParOldGen       total 351744K, used 63080K [0x00000000a0000000, 0x00000000b5780000, 0x00000000e0000000)
  object space 351744K, 17% used [0x00000000a0000000,0x00000000a3d9a370,0x00000000b5780000)
 Metaspace       used 91861K, capacity 97290K, committed 98792K, reserved 1134592K
  class space    used 12078K, capacity 13046K, committed 13440K, reserved 1048576K
Event: 700.694 GC heap after
Heap after GC invocations=24 (full 4):
 PSYoungGen      total 271360K, used 9207K [0x00000000e0000000, 0x00000000f2c80000, 0x0000000100000000)
  eden space 243200K, 0% used [0x00000000e0000000,0x00000000e0000000,0x00000000eed80000)
  from space 28160K, 32% used [0x00000000f0800000,0x00000000f10fdc40,0x00000000f2380000)
  to   space 27136K, 0% used [0x00000000eed80000,0x00000000eed80000,0x00000000f0800000)
 ParOldGen       total 351744K, used 63088K [0x00000000a0000000, 0x00000000b5780000, 0x00000000e0000000)
  object space 351744K, 17% used [0x00000000a0000000,0x00000000a3d9c370,0x00000000b5780000)
 Metaspace       used 91861K, capacity 97290K, committed 98792K, reserved 1134592K
  class space    used 12078K, capacity 13046K, committed 13440K, reserved 1048576K
}

